<?xml version="1.0" encoding="UTF-8"?>
<testsuite name="com.fadoua.calculator.CalculatorTest" tests="1" skipped="0" failures="0" errors="0" timestamp="2023-12-21T15:32:21" hostname="fadoua-ThinkPad-X1-Yoga-Gen-5" time="0.005">
  <properties/>
  <testcase name="testSum()" classname="com.fadoua.calculator.CalculatorTest" time="0.005"/>
  <system-out><![CDATA[]]></system-out>
  <system-err><![CDATA[]]></system-err>
</testsuite>
